<?xml version="1.0" ?>
<!DOCTYPE coverage SYSTEM "http://cobertura.sourceforge.net/xml/coverage-04.dtd">
<coverage lines-valid="15"  lines-covered="10"  line-rate="0.6667000000000001"  branches-valid="24"  branches-covered="9"  branch-rate="0.375"  timestamp="1473701271942" complexity="0" version="0.1">
<sources>
	<source>/Users/robblovell/src/liive/liive.in</source>
</sources>
<packages>
	<package name="server"  line-rate="0.6667000000000001"  branch-rate="0.375" >
	<classes>
		<class name="config.js"  filename="server/config.js"  line-rate="0.6667000000000001"  branch-rate="0.375" >
		<methods>
			<method name="(anonymous_1)"  hits="1"  signature="()V" >
				<lines><line number="2"  hits="1" /></lines>
			</method>
		</methods>
		<lines>
			<line number="2"  hits="1"  branch="false" />
			<line number="3"  hits="1"  branch="false" />
			<line number="5"  hits="1"  branch="false" />
			<line number="7"  hits="1"  branch="false" />
			<line number="9"  hits="1"  branch="true"  condition-coverage="50% (2/4)" />
			<line number="10"  hits="1"  branch="false" />
			<line number="16"  hits="1"  branch="false" />
			<line number="23"  hits="0"  branch="true"  condition-coverage="0% (0/2)" />
			<line number="24"  hits="0"  branch="false" />
			<line number="29"  hits="0"  branch="false" />
			<line number="31"  hits="0"  branch="false" />
			<line number="37"  hits="0"  branch="false" />
			<line number="40"  hits="1"  branch="false" />
			<line number="42"  hits="1"  branch="false" />
			<line number="44"  hits="1"  branch="false" />
		</lines>
		</class>
	</classes>
	</package>
</packages>
</coverage>
